 === >Carte< === 
taille 95 x 110
Carburant de départ 650 

....................................................##############.............................
...................................................################............................
...................................................#################...........................
..................................................###################..........................
..................................................####################.........................
.................................................######~~~~~~~~~#######........................
.................................................######~........~#######.......................
.................................................#####~...........#######......................
.................................................#####.............#######.....................
.................................................#####..............#######....................
.................................................#####...............#######...................
.................................................#####................#######..................
................................................~#####.................#######.................
...............................................~~#####..................#######................
..............................................~~~#####...................#######...............
.............................................~~~~#####....................#######..............
....................##################################.....................#######.............
...................###################################......................#######............
..................####################################.......................#######...........
.................#####################################........................#######..........
................#####################################..........................#######.........
...............#######..........................................................#######........
..............#######............................................................######........
.............#######..............................................................#####........
............#######...............................................................#####........
...........#######................................................................#####........
..........#######.................................................................#####........
.........#######..................................................................#####........
........#######...................................................................#####........
.......#######....................................................................#####........
.......######.....................................................................#####........
.......#####......................................................................#####........
.......#####......................................................................#####........
.......#####......................................................................#####........
.......#####.....................................................................#######.......
.......#####....................................................................#########......
.......#####...................................................................###########.....
.......#####..................................................................#############....
.......#####.................................................................#######.#######...
.......#####................................................................#######...#######..
.......#####...............................................................#######.....#######.
.......#####...............................................................######.......######.
.......#####...............................................................#####.........#####.
.......#####...............................................................#####.........#####.
.......#####...............................................................#####.........#####.
.......#####...............................................................#####.........#####.
.......#####...............................................................#####.........#####.
.......#####...............................................................#####.........#####.
.......#####.................................####################..........#####.........#####.
.......#####................................######################.........#####.........#####.
.......#####...............................#######################.........#####.........#####.
.......#####..............................########################.........#####.........#####.
.......#####.............................#########################.........~####.........####~.
.......#####............................#######..............#####.........~#####.......#####~.
.......#####...........................#######...............#####.........~~#####.....#####~~.
.......#####..........................#######................#####.........~~~#####...#####~~~.
.......#####.........................#######.................#####..........~~~###########~~~..
.......#####........................#######..................#####...........~~~#########~~~...
.......#####.......................#######...................#####............~~~#######~~~....
.......#####......................#######....................#####............~~~#######~~~....
.......#####......................######.....................#####...........~~###########~~...
.......#####......................#####......................#####...........###############...
.......#####......................#####......................#####..........#################..
.......#####......................#####......................#####.........########...########.
.......#####......................#####......................#####.........#######.....#######.
..................................#####......................#####.........######.......######.
..................................#####......................#####.........#####.........#####.
..................................#####......................#####.........#####.........#####.
..................................#####.....................######.........#####.........#####.
..................................#####....................#######.........#####.........#####.
..................................#####...................########.........#####.........#####.
..................................#####..................########..........#####.........#####.
..................................#####.................#######~~..........#####.........#####.
..................................#####................#######~~...........#####.........#####.
.......=====......................#####...............#######~~............~####.........####~.
.......#####......................#####...............######~~~............~####.........####~.
.......#####.....................######...............#######~~............~~###.........###~~.
.......#####...................########................#######~~...........~~####.......####~~.
.......#####.................#########~.................#######~...........~~~####.....####~~~.
.......#####...............~#########~...................#######~...........~~#####...#####~~..
......######..............~########~~.....................#######............~~#####.#####~~...
.....#######.............~#######~~........................#######............~###########~....
.....#######............~######~~...........................#######............~#########~.....
.....#######............~#####~~.............................#######............~#######~......
.....#######............~####~~...............................######~~~..........~#####~.......
.....#######............~####~~................................######~~~..........#####........
.....#######............~#####~~................................######~~..........#####........
.....#######............~######~~................................######~..........#####........
.....#######.............~#######~~..............................#######..........#####........
.....#######..............~########~~............................#######..........#####........
.....#######...............~#########~...........................#######..........#####........
.....#######.................#########~..........................#######..........#####........
.....#######...................########..........................#######..........#####........
.....#######.....................######..........................#######..........#####........
.....#######......................#####.........................########..........#####........
.....#######......................#####........................#########..........#####........
.....#######......................#####........................#########..........#####........
.....################.............#####........................#########.........######........
.....#################............#####........................#########........#######........
.....##################...........#####........................#########.......#######.........
.....###################..........#####........................#########......#######..........
......###################.........#####........................#########.....#######...........
...................#######........#####........................#########~~~~#######............
....................###################........................#########~~~#######.............
.....................##################........................#########~~#######..............
......................#################.........................################...............
.......................################..........................##############................
........................##############............................############.................
...................................................................###########.................
....................................................................#########..................

 === Debut Course === 

 === Tour 1 === 
11 64	7 63	9 63
temps = 0.784581

 === Action === 
p1: 64 11 0 0
p2: 63 11 -1 0
0 -1 (carburant restant 649
 === Tour 2 === 
7 63	9 61	11 61
 === Action === 
0 -1 (carburant restant 647)

 === Tour 3 === 
7 61	9 58	11 58
 === Action === 
0 -1 (carburant restant 643)

 === Tour 4 === 
9 58	11 55	7 55
 === Action === 
0 0 (carburant restant 639)

 
 === Tour 5 === 
11 55	8 52	9 52
 === Action === 
0 0 (carburant restant 635
 === Tour 6 === 
8 52	9 49	11 49
 === Action === 
0 0 (carburant restant 630)

 === Tour 7 === 
8 52	10 46	11 46
 === Action === 
0 0 (carburant restant 626)

 
 === Tour 8 === 
11 46	7 52	10 43
 === Action === 
-1 0 (carburant restant 62

 === Tour 9 === 
7 52	10 40	11 46
 === Action === 
0 0 (carburant restant 617)
 === Tour 10 === 
10 40	11 46	7 52
 === Action === 
0 0 (carburant restant 613)

 =
 === Tour 11 === 
11 46	7 52	10 34
 === Action === 
0 0 (carburant restant 60

 
 === Tour 12 === 
11 46	8 52	11 31
 === Action === 
1 0 (carburant restant 60
 === Tour 13 === 
11 31	11 46	10 52
 === Action === 
1 0 (carburant restant 599)

 === Tour 14 === 
10 52	16 25	11 46
 === Action === 
1 0 (carburant restant 593)

 =
 === Tour 15 === 
11 46	10 52	19 22
 === Action === 
0 0 (carburant restant 58
 === Tour 16 === 
19 22	11 47	10 53
 === Action === 
0 1 (carburant restant 580)

 =
 === Tour 17 === 
11 47	10 55	25 19
 === Action === 
0 1 (carburant restant 57
 === Tour 18 === 
10 55	28 18	11 51
 === Action === 
0 0 (carburant restant 570)

 =
 === Tour 19 === 
11 51	10 59	31 17
 === Action === 
0 0 (carburant restant 56
 === Tour 20 === 
10 59	34 17	11 56
 === Action === 
0 1 (carburant restant 561)

 =
 === Tour 21 === 
11 56	10 62	37 17
 === Action === 
0 0 (carburant restant 55
 =
 === Tour 22 === 
11 59	10 62	40 17
 === Action === 
0 0 (carburant restant 55
 =
 === Tour 23 === 
11 62	10 62	43 17
 === Action === 
0 0 (carburant restant 54
 === Tour 24 === 
43 17	11 61	10 61
 === Action === 
0 -1 (carburant restant 544)

 === Tour 25 === 
10 61	49 14	11 59
 === Action === 
0 -1 (carburant restant 539)

 === Tour 26 === 
49 14	10 56	9 56
 === Action === 
-1 -1 (carburant restant 532)


 === Tour 27 === 
9 56	53 8	9 53
 === Action === 
0 0 (carburant restant 527)


 === Tour 28 === 
53 8	8 49	7 49
 === Action === 
0 -1 (carburant restant 521)

 === Tour 29 === 
55 4	8 49	7 49
 === Action === 
-2 4 (carburant restant 495)
 === Tour 30 === 
7 49	56 4	9 49
 === Action === 
1 0 (carburant restant 494)


 === Tour 31 === 
56 4	11 49	8 49
 === Action === 
1 0 (carburant restant 492
 

 === Tour 32 === 
11 49	9 49	61 4
 === Action === 
1 0 (carburant restant 48
 
 === Tour 33 === 
61 4	11 50	10 50
 === Action === 
0 1 (carburant restant 48
 ==
 === Tour 34 === 
11 50	11 52	67 7
 === Action === 
0 1 (carburant restant 4
 =
 === Tour 35 === 
67 7	11 51	11 52
 === Action === 
0 1 (carburant restant 47
 =
 === Tour 36 === 
70 10	11 51	11 52
 === Action === 
0 0 (carburant restant 46
 === Tour 37 === 
11 52	76 16	11 51
 === Action === 
0 0 (carburant restant 460)

 =

 === Tour 38 === 
11 51	11 52	79 19
 === Action === 
0 0 (carburant restant 4
 ==
 === Tour 39 === 
11 51	10 52	81 22
 === Action === 
-1 0 (carburant restant 4
 === Tour 40 === 
10 52	83 25	9 51
 === Action === 
0 0 (carburant restant 442)

 =
 === Tour 41 === 
83 25	7 51	7 52
 === Action === 
-1 0 (carburant restant 43
 =
 
 === Tour 42 === 
7 51	7 52	85 31
 === Action === 
0 0 (carburant restant 
 =
 
 === Tour 43 === 
7 51	7 52	86 34
 === Action === 
0 0 (carburant restant 
 ===
 === Tour 44 === 
7 51	7 52	87 37
 === Action === 
0 0 (carburant restant 
 =
 
 === Tour 45 === 
7 51	7 52	88 40
 === Action === 
0 0 (carburant restant 
 ===
 === Tour 46 === 
7 51	7 52	89 43
 === Action === 
0 0 (carburant restant 
 =
 === Tour 47 === 
89 43	7 51	7 52
 === Action === 
-1 0 (carburant restant 41
 =
 
 === Tour 48 === 
7 51	7 52	89 49
 === Action === 
0 0 (carburant restant 
 === Tour 49 === 
7 52	89 52	7 51
 === Action === 
0 0 (carburant restant 403)

 =
 === Tour 50 === 
89 52	7 51	7 53
 === Action === 
0 1 (carburant restant 39
 =
 === Tour 51 === 
89 56	7 51	7 54
 === Action === 
0 0 (carburant restant 39
 =
 === Tour 52 === 
89 60	7 50	7 54
 === Action === 
0 -1 (carburant restant 38
 =
 === Tour 53 === 
89 63	7 49	7 54
 === Action === 
0 0 (carburant restant 38
 === Tour 54 === 
7 54	89 69	7 48
 === Action === 
0 0 (carburant restant 377)

 =
 === Tour 55 === 
89 69	7 47	7 54
 === Action === 
0 0 (carburant restant 37
 === Tour 56 === 
7 54	89 75	7 46
 === Action === 
0 0 (carburant restant 369)

 =
 === Tour 57 === 
89 75	7 46	7 54
 === Action === 
-1 0 (carburant restant 36
 === Tour 58 === 
7 54	87 81	7 46
 === Action === 
0 0 (carburant restant 360)

 ===
 === Tour 59 === 
7 46	7 54	86 84
 === Action === 
0 0 (carburant restant 
 === Tour 60 === 
7 54	85 87	7 46
 === Action === 
0 0 (carburant restant 352)

 === Tour 61 === 
7 54	84 90	7 46
 === Action === 
0 0 (carburant restant 348)

 =
 === Tour 62 === 
84 90	7 46	7 54
 === Action === 
0 0 (carburant restant 34
 ===
 === Tour 63 === 
7 46	7 54	82 96
 === Action === 
0 0 (carburant restant 
 =
 === Tour 64 === 
82 96	7 46	7 54
 === Action === 
-1 0 (carburant restant 33
 === Tour 65 === 
7 54	78 101	7 45
 === Action === 
0 -1 (carburant restant 329)

 
 === Tour 66 === 
78 101	7 43	7 51
 === Action === 
0 -1 (carburant restant 324
 
 === Tour 67 === 
76 102	7 40	7 48
 === Action === 
0 -1 (carburant restant 320
 === Tour 68 === 
7 48	73 102	8 37
 === Action === 
1 0 (carburant restant 316)

 
 =
 === Tour 69 === 
8 37	9 42	72 102
 === Action === 
0 0 (carburant restant 
 
 === Tour 70 === 
72 102	10 31	10 39
 === Action === 
0 0 (carburant restant 31
 === Tour 71 === 
10 39	70 101	11 27
 === Action === 
0 -1 (carburant restant 312)

 === Tour 72 === 
11 35	69 99	11 27
 === Action === 
0 -1 (carburant restant 309)

 ==
 === Tour 73 === 
69 99	11 26	11 34
 === Action === 
0 -1 (carburant restant 3
 ===
 === Tour 74 === 
11 26	11 33	67 93
 === Action === 
0 0 (carburant restant 
 === Tour 75 === 
11 33	66 90	11 25
 === Action === 
0 0 (carburant restant 297)

 ===
 === Tour 76 === 
11 25	11 31	65 87
 === Action === 
0 0 (carburant restant 
 ==
 === Tour 77 === 
65 87	11 25	11 30
 === Action === 
0 0 (carburant restant 2
 === Tour 78 === 
11 30	62 81	11 25
 === Action === 
-1 0 (carburant restant 284)

 ===
 === Tour 79 === 
11 25	10 27	61 77
 === Action === 
1 -1 (carburant restant 
 ===
 === Tour 80 === 
12 24	10 27	61 72
 === Action === 
1 -1 (carburant restant 
 === Tour 81 === 
10 27	61 67	16 20
 === Action === 
0 0 (carburant restant 262)

 === Tour 82 === 
10 27	61 62	18 18
 === Action === 
0 0 (carburant restant 255)

 === Tour 83 === 
10 27	61 57	20 16
 === Action === 
0 0 (carburant restant 248)

 === Tour 84 === 
10 27	61 52	20 16
 === Action === 
0 0 (carburant restant 241)

 === Tour 85 === 
10 27	61 52	20 16
 === Action === 
0 5 (carburant restant 209)

 ==
 === Tour 86 === 
61 52	20 16	9 27
 === Action === 
-1 0 (carburant restant 20
 ===
 === Tour 87 === 
20 16	9 27	59 52
 === Action === 
0 0 (carburant restant 
 === Tour 88 === 
9 27	57 52	20 16
 === Action === 
-1 0 (carburant restant 205)

 === Tour 89 === 
9 27	54 52	20 16
 === Action === 
-1 0 (carburant restant 201)

 === Tour 90 === 
9 27	51 52	20 16
 === Action === 
0 0 (carburant restant 197)

 =
 === Tour 91 === 
51 52	20 16	9 27
 === Action === 
0 0 (carburant restant 19
 =
 
 === Tour 92 === 
20 16	9 28	45 53
 === Action === 
0 1 (carburant restant 
 =
 === Tour 93 === 
45 53	21 19	10 30
 === Action === 
1 1 (carburant restant 1
 === Tour 94 === 
10 30	41 57	21 19
 === Action === 
0 0 (carburant restant 178)

 ==
 === Tour 95 === 
41 57	21 19	11 32
 === Action === 
0 0 (carburant restant 1
 === Tour 96 === 
11 32	38 62	22 20
 === Action === 
1 1 (carburant restant 168)

 ==
 === Tour 97 === 
38 62	22 20	11 32
 === Action === 
0 0 (carburant restant 1
 ==
 
 === Tour 98 === 
22 20	11 32	36 68
 === Action === 
0 0 (carburant restant
 ==
 
 === Tour 99 === 
22 20	11 32	35 71
 === Action === 
0 0 (carburant restant
 ==
 === Tour 100 === 
35 71	22 20	11 32
 === Action === 
0 0 (carburant restant 1
 ==
 === Tour 101 === 
34 74	21 21	10 33
 === Action === 
-1 1 (carburant restant 1
 ==
 === Tour 102 === 
32 78	20 22	9 34
 === Action === 
0 0 (carburant restant 14
 === Tour 103 === 
9 34	28 86	19 23
 === Action === 
0 0 (carburant restant 134)

 =
 === Tour 104 === 
28 86	19 23	8 35
 === Action === 
2 -4 (carburant restant 10
 ===
 === Tour 105 === 
19 23	9 35	29 86
 === Action === 
1 0 (carburant restant 
 ===
 === Tour 106 === 
19 23	10 36	30 87
 === Action === 
0 1 (carburant restant
 =
 =
 === Tour 107 === 
19 23	11 38	31 89
 === Action === 
0 1 (carburant restant
 === 
 === Tour 108 === 
19 23	11 38	32 91
 === Action === 
0 0 (carburant restan
 === Tour 109 === 
11 38	33 93	19 23
 === Action === 
0 0 (carburant restant 96)

 === Tour 110 === 
11 38	34 95	19 23
 === Action === 
0 0 (carburant restant 93)

 === 
 === Tour 111 === 
19 23	10 38	34 97
 === Action === 
-1 0 (carburant restan
 === Tour 112 === 
10 38	34 99	17 23
 === Action === 
0 0 (carburant restant 86)

 === Tour 113 === 
9 38	34 101	16 23
 === Action === 
0 0 (carburant restant 83)

 
 === Tour 114 === 
34 101	14 23	8 38
 === Action === 
-1 0 (carburant restant 79
 
 =
 === Tour 115 === 
14 23	7 37	31 104
 === Action === 
-1 -1 (carburant restant
 === Tour 116 === 
7 37	28 104	14 23
 === Action === 
-1 -1 (carburant restant 69)

 
 === Tour 117 === 
28 104	14 22	7 36
 === Action === 
0 -1 (carburant restant 64
 === Tour 118 === 
7 36	22 102	14 22
 === Action === 
0 0 (carburant restant 60)

 
 === Tour 119 === 
22 102	14 22	7 34
 === Action === 
0 0 (carburant restant 56
 
 === Tour 120 === 
19 101	14 22	7 33
 === Action === 
0 0 (carburant restant 52
 === Tour 121 === 
7 33	13 98	14 22
 === Action === 
0 -1 (carburant restant 47)

 =
 =
 === Tour 122 === 
14 22	8 29	11 96
 === Action === 
1 0 (carburant restan
 =
 =
 === Tour 123 === 
15 22	10 26	10 93
 === Action === 
1 -1 (carburant resta
 === Tour 124 === 
10 26	10 89	20 19
 === Action === 
1 -1 (carburant restant 29)

 === Tour 125 === 
10 26	10 84	23 16
 === Action === 
0 -1 (carburant restant 22)

 === Tour 126 === 
10 26	10 79	23 16
 === Action === 
0 0 (carburant restant 15)

 === Tour 127 === 
10 26	10 74	23 16
 === Action === 
0 0 (carburant restant 8)

 === Tour 128 === 
10 26	10 74	23 16
 === Action === 
n === 
