Map : 60 30 150

............................................................
.................######.....................................
.................##############.............................
.................######################.....................
.....................######################.................
.............................###############................
.....................................#########..............
.........................................######.............
..........#####...........................######............
........############==......................######..........
.......#############==.......................######.........
.......#####.#######==........................######........
......####......................................####........
......####......................................####........
......###.......................................####........
......###.......................................###.........
......###.......................................###.........
......####.....................................####.........
......#####...................................#####.........
.......####...............................########..........
........##########################################..........
........########################################............
.........###################################................
............................................................
............................................................
............................................................
............................................................
............................................................
............................................................
............................................................

Tour: 1
	v1: 17 3	v2: 20 1	v3: 20 2
	CRASH
	Nouvelle trajectoire :  route bloquée.
	1 0 (carburant restant 149)

Tour: 2
	v1: 18 3	v2: 21 1	v3: 20 2
	Nouvelle trajectoire :  - lowFuel x = 2.50.
	1 0 (carburant restant 147)

Tour: 3
	v1: 20 3	v2: 21 1	v3: 23 2
	Nouvelle trajectoire :  - lowFuel x = 1.25.
	0 0 (carburant restant 144)

Tour: 4
	v1: 22 3	v2: 21 1	v3: 27 2
	Nouvelle trajectoire :  - lowFuel x = 0.62.
	0 0 (carburant restant 141)

Tour: 5
	v1: 24 3	v2: 22 1	v3: 27 2
	Nouvelle trajectoire :  - lowFuel x = 0.31.
	1 0 (carburant restant 137)

Tour: 6
	v1: 27 3	v2: 22 1	v3: 30 2
	Nouvelle trajectoire :  + incFuel x = 0.47.
	0 0 (carburant restant 133)

Tour: 7
	v1: 30 3	v2: 22 1	v3: 30 2
	Nouvelle trajectoire :  + incFuel x = 0.55.
	0 1 (carburant restant 128)

Tour: 8
	v1: 33 4	v2: 22 1	v3: 30 2
	0 0 (carburant restant 124)

Tour: 9
	v1: 36 5	v2: 22 1	v3: 30 2
	0 0 (carburant restant 120)

Tour: 10
	v1: 39 6	v2: 22 1	v3: 30 2
	0 0 (carburant restant 116)

Tour: 11
	v1: 42 7	v2: 22 1	v3: 30 2
	-1 0 (carburant restant 111)

Tour: 12
	v1: 44 8	v2: 22 1	v3: 30 2
	-1 0 (carburant restant 107)

Tour: 13
	v1: 45 9	v2: 22 1	v3: 30 2
	0 0 (carburant restant 105)

Tour: 14
	v1: 46 10	v2: 22 1	v3: 30 2
	0 0 (carburant restant 103)

Tour: 15
	v1: 47 11	v2: 22 1	v3: 30 2
	0 0 (carburant restant 101)

Tour: 16
	v1: 48 12	v2: 22 1	v3: 30 2
	-1 0 (carburant restant 98)

Tour: 17
	v1: 48 13	v2: 22 1	v3: 30 2
	0 0 (carburant restant 97)

Tour: 18
	v1: 48 14	v2: 22 1	v3: 30 2
	0 0 (carburant restant 96)

Tour: 19
	v1: 48 15	v2: 22 1	v3: 30 2
	0 0 (carburant restant 95)

Tour: 20
	v1: 48 16	v2: 22 1	v3: 30 2
	-1 0 (carburant restant 93)

Tour: 21
	v1: 47 17	v2: 22 1	v3: 30 2
	0 0 (carburant restant 91)

Tour: 22
	v1: 46 18	v2: 22 1	v3: 30 2
	-1 0 (carburant restant 88)

Tour: 23
	v1: 44 19	v2: 22 1	v3: 30 2
	-1 0 (carburant restant 84)

Tour: 24
	v1: 41 20	v2: 22 1	v3: 30 2
	0 0 (carburant restant 80)

Tour: 25
	v1: 38 21	v2: 22 1	v3: 30 2
	0 -1 (carburant restant 75)

Tour: 26
	v1: 35 21	v2: 22 1	v3: 30 2
	0 0 (carburant restant 71)

Tour: 27
	v1: 32 21	v2: 22 1	v3: 30 2
	0 0 (carburant restant 67)

Tour: 28
	v1: 29 21	v2: 22 1	v3: 30 2
	0 0 (carburant restant 63)

Tour: 29
	v1: 26 21	v2: 22 1	v3: 30 2
	0 0 (carburant restant 59)

Tour: 30
	v1: 23 21	v2: 22 1	v3: 30 2
	0 0 (carburant restant 55)

Tour: 31
	v1: 20 21	v2: 22 1	v3: 30 2
	0 0 (carburant restant 51)

Tour: 32
	v1: 17 21	v2: 22 1	v3: 30 2
	0 0 (carburant restant 47)

Tour: 33
	v1: 14 21	v2: 22 1	v3: 30 2
	0 -1 (carburant restant 42)

Tour: 34
	v1: 11 20	v2: 22 1	v3: 30 2
	1 -1 (carburant restant 36)

Tour: 35
	v1: 9 18	v2: 22 1	v3: 30 2
	1 0 (carburant restant 31)

Tour: 36
	v1: 8 16	v2: 22 1	v3: 30 2
	1 0 (carburant restant 27)

Tour: 37
	v1: 8 14	v2: 22 1	v3: 30 2
	1 0 (carburant restant 23)

Tour: 38
	v1: 9 12	v2: 22 1	v3: 30 2
	0 1 (carburant restant 19)

Tour: 39
	v1: 10 11	v2: 22 1	v3: 30 2
	0 0 (carburant restant 17)

Tour: 40
	v1: 11 10	v2: 22 1	v3: 30 2
	0 1 (carburant restant 14)

Tour: 41
	v1: 12 10	v2: 22 1	v3: 30 2
	0 0 (carburant restant 13)

Tour: 42
	v1: 13 10	v2: 22 1	v3: 30 2
	0 0 (carburant restant 12)

Tour: 43
	v1: 14 10	v2: 22 1	v3: 30 2
	0 0 (carburant restant 11)

Tour: 44
	v1: 15 10	v2: 22 1	v3: 30 2
	0 0 (carburant restant 10)

Tour: 45
	v1: 16 10	v2: 22 1	v3: 30 2
	0 0 (carburant restant 9)

Tour: 46
	v1: 17 10	v2: 22 1	v3: 30 2
	0 0 (carburant restant 8)

Tour: 47
	v1: 18 10	v2: 22 1	v3: 30 2
	0 0 (carburant restant 7)

Tour: 48
	v1: 19 10	v2: 22 1	v3: 30 2
	0 0 (carburant restant 6)
