Map : 180 42 550

.........###################################################################=.........############################################################~~~~~~~##################.........
.......#####################################################################=.........############################################################~~~~~~~####################.......
.....#######################################################################=.........#############################################~~~~~~~########~~~~~~~########~~~~~~~#######.....
....########################################################################=.........#############################################~~~~~~~#######################~~~~~~~########....
...#########################################################################=.........#############################################~~~~~~~#######################~~~~~~~#########...
..########................................................................................................................................................................########..
..######....................................................................................................................................................................######..
.######......................................................................................................................................................................######.
.#####........................................................................................................................................................................#####.
######........................................................................................................................................................................######
#####..........................................................................................................................................................................#####
#####..........................................................................................................................................................................#####
#####..........................................................................................................................................................................#####
#####..........................................................................................................................................................................#####
#####..........................................................................................................................................................................#####
#####..........................................................................................................................................................................#####
#####..........................................................................................................................................................................#####
#####..........................................................................................................................................................................#####
#####..........................................................................................................................................................................#####
.####..........................................................................................................................................................................#####
.####..........................................................................................................................................................................#####
.####..........................................................................................................................................................................#####
.####..........................................................................................................................................................................#####
.####..........................................................................................................................................................................#####
.####..........................................................................................................................................................................#####
.####..........................................................................................................................................................................#####
.####..........................................................................................................................................................................#####
.####..........................................................................................................................................................................#####
.####..........................................................................................................................................................................#####
.####..........................................................................................................................................................................#####
.####..........................................................................................................................................................................#####
.####..........................................................................................................................................................................#####
.####.........................................................................................................................................................................######
.#####........................................................................................................................................................................#####.
.#####.......................................................................................................................................................................######.
..#####.....................................................................................................................................................................######..
..#######.................................................................................................................................................................########..
...##############################################################################################################################################################################...
....############################################################################################################################################################################....
.....##########################################################################################################################################################################.....
.......######################################################################################################################################################################.......
......................................#####################################################################################################################################.........

Tour: 1
86 0	86 2	86 4
craaaaaaaaaaaaaaaaaaaash
1 0 (carburant restant 549)

Tour: 2
87 0	87 2	86 4
----------lowerFuel x = 2.50
1 0 (carburant restant 547)

Tour: 3
89 0	89 2	87 4
----------lowerFuel x = 1.25
1 0 (carburant restant 543)

Tour: 4
92 0	92 2	92 3
----------lowerFuel x = 0.62
0 0 (carburant restant 539)

Tour: 5
95 0	92 2	92 3
----------lowerFuel x = 0.31
-1 0 (carburant restant 534)

Tour: 6
97 0	96 1	100 1
++++++++++increaseFuel x = 0.47
0 0 (carburant restant 531)

Tour: 7
99 0	97 1	105 1
++++++++++increaseFuel x = 0.55
1 0 (carburant restant 527)

Tour: 8
102 0	97 1	105 1
----------lowerFuel x = 0.51
0 0 (carburant restant 523)

Tour: 9
105 0	102 2	110 1
0 0 (carburant restant 519)

Tour: 10
108 0	106 1	120 1
0 0 (carburant restant 515)

Tour: 11
111 0	111 1	125 1
0 0 (carburant restant 511)

Tour: 12
114 0	116 1	130 1
0 0 (carburant restant 507)

Tour: 13
117 0	116 1	130 1
0 0 (carburant restant 503)

Tour: 14
120 0	121 1	135 1
0 0 (carburant restant 499)

Tour: 15
123 0	126 1	140 1
0 0 (carburant restant 495)

Tour: 16
126 0	131 1	144 2
0 0 (carburant restant 491)

Tour: 17
129 0	136 1	148 3
0 0 (carburant restant 487)

Tour: 18
132 0	145 2	152 3
0 0 (carburant restant 483)

Tour: 19
135 0	145 2	156 2
0 0 (carburant restant 479)

Tour: 20
138 0	153 3	164 1
0 1 (carburant restant 474)

Tour: 21
141 1	153 3	168 2
0 0 (carburant restant 470)

Tour: 22
144 2	161 1	171 4
0 0 (carburant restant 466)

Tour: 23
147 3	165 1	174 7
0 -1 (carburant restant 461)

Tour: 24
150 3	165 1	174 7
0 0 (carburant restant 457)

Tour: 25
153 3	168 2	176 11
0 0 (carburant restant 453)

Tour: 26
156 3	171 4	177 15
0 -1 (carburant restant 448)

Tour: 27
159 2	174 7	177 20
0 0 (carburant restant 444)

Tour: 28
162 1	177 15	176 29
0 1 (carburant restant 439)

Tour: 29
165 1	177 15	174 33
0 1 (carburant restant 434)

Tour: 30
168 2	177 25	171 36
0 1 (carburant restant 429)

Tour: 31
171 4	177 25	171 36
-1 1 (carburant restant 422)

Tour: 32
173 7	176 29	163 39
0 0 (carburant restant 417)

Tour: 33
175 10	171 36	158 39
-1 0 (carburant restant 411)

Tour: 34
176 13	167 38	153 39
-1 0 (carburant restant 406)

Tour: 35
176 16	167 38	153 39
0 0 (carburant restant 402)

Tour: 36
176 19	163 39	148 39
0 0 (carburant restant 398)

Tour: 37
176 22	153 39	138 39
0 0 (carburant restant 394)

Tour: 38
176 25	148 39	133 39
0 0 (carburant restant 390)

Tour: 39
176 28	143 39	128 39
-1 0 (carburant restant 385)

Tour: 40
175 31	143 39	128 39
-1 0 (carburant restant 380)

Tour: 41
173 34	133 39	118 39
0 -1 (carburant restant 374)

Tour: 42
171 36	133 39	118 39
-1 -1 (carburant restant 368)

Tour: 43
168 37	123 39	108 39
0 0 (carburant restant 364)

Tour: 44
165 38	118 39	103 39
0 -1 (carburant restant 359)

Tour: 45
162 38	118 39	98 39
0 0 (carburant restant 355)

Tour: 46
159 38	113 39	98 39
0 0 (carburant restant 351)

Tour: 47
156 38	108 39	88 39
0 0 (carburant restant 347)

Tour: 48
153 38	98 39	83 39
0 0 (carburant restant 343)

Tour: 49
150 38	93 39	83 39
0 0 (carburant restant 339)

Tour: 50
147 38	93 39	78 39
0 0 (carburant restant 335)

Tour: 51
144 38	88 39	73 39
0 0 (carburant restant 331)

Tour: 52
141 38	83 39	68 39
0 0 (carburant restant 327)

Tour: 53
138 38	78 39	58 39
0 0 (carburant restant 323)

Tour: 54
135 38	68 39	53 39
0 0 (carburant restant 319)

Tour: 55
132 38	63 39	48 39
0 0 (carburant restant 315)

Tour: 56
129 38	63 39	48 39
0 0 (carburant restant 311)

Tour: 57
126 38	53 39	38 39
0 0 (carburant restant 307)

Tour: 58
123 38	48 39	33 39
0 0 (carburant restant 303)

Tour: 59
120 38	48 39	33 39
0 0 (carburant restant 299)

Tour: 60
117 38	38 39	23 39
0 0 (carburant restant 295)

Tour: 61
114 38	38 39	23 39
0 0 (carburant restant 291)

Tour: 62
111 38	33 39	18 39
0 0 (carburant restant 287)

Tour: 63
108 38	23 39	13 39
0 0 (carburant restant 283)

Tour: 64
105 38	18 39	6 36
0 0 (carburant restant 279)

Tour: 65
102 38	18 39	4 33
0 0 (carburant restant 275)

Tour: 66
99 38	13 39	4 33
0 0 (carburant restant 271)

Tour: 67
96 38	6 36	2 26
0 0 (carburant restant 267)

Tour: 68
93 38	4 33	2 21
0 0 (carburant restant 263)

Tour: 69
90 38	3 30	2 16
0 0 (carburant restant 259)

Tour: 70
87 38	2 26	3 12
0 0 (carburant restant 255)

Tour: 71
84 38	2 26	5 8
0 0 (carburant restant 251)

Tour: 72
81 38	2 21	5 8
0 0 (carburant restant 247)

Tour: 73
78 38	3 12	12 3
0 0 (carburant restant 243)

Tour: 74
75 38	3 12	16 2
0 0 (carburant restant 239)

Tour: 75
72 38	8 5	21 2
0 0 (carburant restant 235)

Tour: 76
69 38	8 5	21 2
0 0 (carburant restant 231)

Tour: 77
66 38	16 2	31 2
0 0 (carburant restant 227)

Tour: 78
63 38	16 2	31 2
0 0 (carburant restant 223)

Tour: 79
60 38	21 2	36 2
0 0 (carburant restant 219)

Tour: 80
57 38	26 2	41 2
0 0 (carburant restant 215)

Tour: 81
54 38	31 2	41 2
0 0 (carburant restant 211)

Tour: 82
51 38	36 2	41 2
0 0 (carburant restant 207)

Tour: 83
48 38	36 2	41 2
0 0 (carburant restant 203)

Tour: 84
45 38	36 2	41 2
0 0 (carburant restant 199)

Tour: 85
42 38	36 2	41 2
0 0 (carburant restant 195)

Tour: 86
39 38	36 2	41 2
0 0 (carburant restant 191)

Tour: 87
36 38	36 2	41 2
0 0 (carburant restant 187)

Tour: 88
33 38	36 2	41 2
0 0 (carburant restant 183)

Tour: 89
30 38	36 2	41 2
0 0 (carburant restant 179)

Tour: 90
27 38	36 2	41 2
0 0 (carburant restant 175)

Tour: 91
24 38	36 2	41 2
0 0 (carburant restant 171)

Tour: 92
21 38	36 2	41 2
0 0 (carburant restant 167)

Tour: 93
18 38	36 2	41 2
0 0 (carburant restant 163)

Tour: 94
15 38	36 2	41 2
0 0 (carburant restant 159)

Tour: 95
12 38	36 2	41 2
0 -1 (carburant restant 154)

Tour: 96
9 37	36 2	41 2
0 -1 (carburant restant 149)

Tour: 97
6 35	36 2	41 2
1 -1 (carburant restant 142)

Tour: 98
4 32	36 2	41 2
1 0 (carburant restant 136)

Tour: 99
3 29	36 2	41 2
1 0 (carburant restant 131)

Tour: 100
3 26	36 2	41 2
0 0 (carburant restant 127)

Tour: 101
3 23	36 2	41 2
0 0 (carburant restant 123)

Tour: 102
3 20	36 2	41 2
0 0 (carburant restant 119)

Tour: 103
3 17	36 2	41 2
0 0 (carburant restant 115)

Tour: 104
3 14	36 2	41 2
1 0 (carburant restant 110)

Tour: 105
4 11	36 2	41 2
0 0 (carburant restant 106)

Tour: 106
5 8	36 2	41 2
0 1 (carburant restant 101)

Tour: 107
6 6	36 2	41 2
0 1 (carburant restant 97)

Tour: 108
7 5	36 2	41 2
0 0 (carburant restant 95)

Tour: 109
8 4	36 2	41 2
0 1 (carburant restant 92)

Tour: 110
9 4	36 2	41 2
0 0 (carburant restant 91)

Tour: 111
10 4	36 2	41 2
0 0 (carburant restant 90)

Tour: 112
11 4	36 2	41 2
0 0 (carburant restant 89)

Tour: 113
12 4	36 2	41 2
0 0 (carburant restant 88)

Tour: 114
13 4	36 2	41 2
0 0 (carburant restant 87)

Tour: 115
14 4	36 2	41 2
0 0 (carburant restant 86)

Tour: 116
15 4	36 2	41 2
0 0 (carburant restant 85)

Tour: 117
16 4	36 2	41 2
0 0 (carburant restant 84)

Tour: 118
17 4	36 2	41 2
0 0 (carburant restant 83)

Tour: 119
18 4	36 2	41 2
0 0 (carburant restant 82)

Tour: 120
19 4	36 2	41 2
0 0 (carburant restant 81)

Tour: 121
20 4	36 2	41 2
0 0 (carburant restant 80)

Tour: 122
21 4	36 2	41 2
0 0 (carburant restant 79)

Tour: 123
22 4	36 2	41 2
0 0 (carburant restant 78)

Tour: 124
23 4	36 2	41 2
0 0 (carburant restant 77)

Tour: 125
24 4	36 2	41 2
0 0 (carburant restant 76)

Tour: 126
25 4	36 2	41 2
0 0 (carburant restant 75)

Tour: 127
26 4	36 2	41 2
0 0 (carburant restant 74)

Tour: 128
27 4	36 2	41 2
0 0 (carburant restant 73)

Tour: 129
28 4	36 2	41 2
0 0 (carburant restant 72)

Tour: 130
29 4	36 2	41 2
0 0 (carburant restant 71)

Tour: 131
30 4	36 2	41 2
0 0 (carburant restant 70)

Tour: 132
31 4	36 2	41 2
0 0 (carburant restant 69)

Tour: 133
32 4	36 2	41 2
0 0 (carburant restant 68)

Tour: 134
33 4	36 2	41 2
0 0 (carburant restant 67)

Tour: 135
34 4	36 2	41 2
0 0 (carburant restant 66)

Tour: 136
35 4	36 2	41 2
0 0 (carburant restant 65)

Tour: 137
36 4	36 2	41 2
0 0 (carburant restant 64)

Tour: 138
37 4	36 2	41 2
0 0 (carburant restant 63)

Tour: 139
38 4	36 2	41 2
0 0 (carburant restant 62)

Tour: 140
39 4	36 2	41 2
0 0 (carburant restant 61)

Tour: 141
40 4	36 2	41 2
0 0 (carburant restant 60)

Tour: 142
41 4	36 2	41 2
0 0 (carburant restant 59)

Tour: 143
42 4	36 2	41 2
0 0 (carburant restant 58)

Tour: 144
43 4	36 2	41 2
0 0 (carburant restant 57)

Tour: 145
44 4	36 2	41 2
0 0 (carburant restant 56)

Tour: 146
45 4	36 2	41 2
0 0 (carburant restant 55)

Tour: 147
46 4	36 2	41 2
0 0 (carburant restant 54)

Tour: 148
47 4	36 2	41 2
0 0 (carburant restant 53)

Tour: 149
48 4	36 2	41 2
0 0 (carburant restant 52)

Tour: 150
49 4	36 2	41 2
0 0 (carburant restant 51)

Tour: 151
50 4	36 2	41 2
0 0 (carburant restant 50)

Tour: 152
51 4	36 2	41 2
0 0 (carburant restant 49)

Tour: 153
52 4	36 2	41 2
0 0 (carburant restant 48)

Tour: 154
53 4	36 2	41 2
0 0 (carburant restant 47)

Tour: 155
54 4	36 2	41 2
0 0 (carburant restant 46)

Tour: 156
55 4	36 2	41 2
0 0 (carburant restant 45)

Tour: 157
56 4	36 2	41 2
0 0 (carburant restant 44)

Tour: 158
57 4	36 2	41 2
0 0 (carburant restant 43)

Tour: 159
58 4	36 2	41 2
0 0 (carburant restant 42)

Tour: 160
59 4	36 2	41 2
0 0 (carburant restant 41)

Tour: 161
60 4	36 2	41 2
0 0 (carburant restant 40)

Tour: 162
61 4	36 2	41 2
0 0 (carburant restant 39)

Tour: 163
62 4	36 2	41 2
0 0 (carburant restant 38)

Tour: 164
63 4	36 2	41 2
0 0 (carburant restant 37)

Tour: 165
64 4	36 2	41 2
0 0 (carburant restant 36)

Tour: 166
65 4	36 2	41 2
0 0 (carburant restant 35)

Tour: 167
66 4	36 2	41 2
0 0 (carburant restant 34)

Tour: 168
67 4	36 2	41 2
0 0 (carburant restant 33)

Tour: 169
68 4	36 2	41 2
0 0 (carburant restant 32)

Tour: 170
69 4	36 2	41 2
0 0 (carburant restant 31)

Tour: 171
70 4	36 2	41 2
0 0 (carburant restant 30)

Tour: 172
71 4	36 2	41 2
0 0 (carburant restant 29)

Tour: 173
72 4	36 2	41 2
0 0 (carburant restant 28)

Tour: 174
73 4	36 2	41 2
0 0 (carburant restant 27)

Tour: 175
74 4	36 2	41 2
0 0 (carburant restant 26)

Tour: 176
75 4	36 2	41 2
0 0 (carburant restant 25)
